<?xml version="1.0" encoding="UTF-8"?>
<!-- Generated by org.testng.reporters.JUnitXMLReporter -->
<testsuite hostname="LAPTOP-8J5S5LH1" failures="1" tests="4" name="Test" time="43.557" errors="0" timestamp="5 Nov 2021 21:16:46 GMT">
  <testcase classname="FWBPrac.validateTitle" name="basePageNavigation" time="7.44">
    <failure type="java.lang.AssertionError" message="expected [FEATURED C1235] but found [FEATURED COURSES]">
      <![CDATA[java.lang.AssertionError: expected [FEATURED C1235] but found [FEATURED COURSES]
	at FWBPrac.validateTitle.basePageNavigation(validateTitle.java:21)
... Removed 29 stack frames]]>
    </failure>
  </testcase> <!-- basePageNavigation -->
  <testcase classname="FWBPrac.validateNavigationBar" name="basePageNavigation" time="8.055"/>
  <testcase classname="FWBPrac.HomePage" name="basePageNavigation" time="12.907"/>
  <testcase classname="FWBPrac.HomePage" name="basePageNavigation" time="12.105"/>
</testsuite> <!-- Test -->
