<?xml version="1.0" encoding="UTF-8"?>
<!-- Generated by org.testng.reporters.JUnitXMLReporter -->
<testsuite hostname="LAPTOP-8J5S5LH1" failures="0" tests="4" name="Test" time="52.149" errors="0" timestamp="5 Nov 2021 22:08:38 GMT">
  <testcase classname="FWBPrac.validateTitle" name="basePageNavigation" time="8.865"/>
  <testcase classname="FWBPrac.validateNavigationBar" name="basePageNavigation" time="7.939"/>
  <testcase classname="FWBPrac.HomePage" name="basePageNavigation" time="14.233"/>
  <testcase classname="FWBPrac.HomePage" name="basePageNavigation" time="17.776"/>
</testsuite> <!-- Test -->
