<?xml version="1.0" encoding="UTF-8"?>
<testng-results ignored="0" total="0" passed="0" failed="0" skipped="0">
  <reporter-output>
  </reporter-output>
  <suite started-at="2021-11-16T18:59:34Z" name="Suite" finished-at="2021-11-16T18:59:34Z" duration-ms="275">
    <groups>
      <group name="cucumber">
        <method signature="AbstractTestNGCucumberTests.runScenario(io.cucumber.testng.PickleWrapper, io.cucumber.testng.FeatureWrapper)[pri:0, instance:TestRunner.Trunner@5bc9ba1d]" name="runScenario" class="io.cucumber.testng.AbstractTestNGCucumberTests"/>
      </group> <!-- cucumber -->
    </groups>
    <test started-at="2021-11-16T18:59:34Z" name="Test1" finished-at="2021-11-16T18:59:34Z" duration-ms="275">
      <class name="TestRunner.Trunner">
        <test-method is-config="true" signature="setUpClass()[pri:0, instance:TestRunner.Trunner@5bc9ba1d]" started-at="2021-11-16T18:59:34Z" name="setUpClass" finished-at="2021-11-16T18:59:34Z" duration-ms="248" status="PASS">
          <reporter-output>
          </reporter-output>
        </test-method> <!-- setUpClass -->
        <test-method is-config="true" signature="tearDownClass()[pri:0, instance:TestRunner.Trunner@5bc9ba1d]" started-at="2021-11-16T18:59:34Z" name="tearDownClass" finished-at="2021-11-16T18:59:34Z" duration-ms="11" status="PASS">
          <reporter-output>
          </reporter-output>
        </test-method> <!-- tearDownClass -->
      </class> <!-- TestRunner.Trunner -->
    </test> <!-- Test1 -->
  </suite> <!-- Suite -->
</testng-results>
