<?xml version="1.0" encoding="UTF-8"?>
<testng-results ignored="0" total="1" passed="1" failed="0" skipped="0">
  <reporter-output>
  </reporter-output>
  <suite started-at="2021-11-17T11:33:56Z" name="Default suite" finished-at="2021-11-17T11:34:19Z" duration-ms="22971">
    <groups>
    </groups>
    <test started-at="2021-11-17T11:33:56Z" name="Default test" finished-at="2021-11-17T11:34:19Z" duration-ms="22971">
      <class name="FWBPrac.validateNavigationBar">
        <test-method signature="validationOfNavigationBar()[pri:0, instance:FWBPrac.validateNavigationBar@1c05a54d]" started-at="2021-11-17T11:33:56Z" name="validationOfNavigationBar" finished-at="2021-11-17T11:34:19Z" duration-ms="22938" status="PASS">
          <reporter-output>
          </reporter-output>
        </test-method> <!-- validationOfNavigationBar -->
      </class> <!-- FWBPrac.validateNavigationBar -->
    </test> <!-- Default test -->
  </suite> <!-- Default suite -->
</testng-results>
